<?xml version="1.0" encoding="UTF-8"?>
<testsuite name="org.xbib.graphics.io.vector.util.Base64EncodeStreamTest" tests="3" skipped="0" failures="0" errors="0" timestamp="2020-10-29T21:36:15" hostname="JorgPrantesMBP.fritz.box" time="0.003">
  <properties/>
  <testcase name="testEncoding()" classname="org.xbib.graphics.io.vector.util.Base64EncodeStreamTest" time="0.001"/>
  <testcase name="testEmpty()" classname="org.xbib.graphics.io.vector.util.Base64EncodeStreamTest" time="0.0"/>
  <testcase name="testPadding()" classname="org.xbib.graphics.io.vector.util.Base64EncodeStreamTest" time="0.001"/>
  <system-out><![CDATA[]]></system-out>
  <system-err><![CDATA[]]></system-err>
</testsuite>
