<?xml version="1.0" encoding="UTF-8"?>
<testsuite name="org.xbib.graphics.io.filters.FilterTest" tests="3" skipped="0" failures="0" errors="0" timestamp="2020-10-29T21:36:11" hostname="JorgPrantesMBP.fritz.box" time="0.004">
  <properties/>
  <testcase name="filterNone()" classname="org.xbib.graphics.io.filters.FilterTest" time="0.002"/>
  <testcase name="filterAll()" classname="org.xbib.graphics.io.filters.FilterTest" time="0.001"/>
  <testcase name="duplicate()" classname="org.xbib.graphics.io.filters.FilterTest" time="0.001"/>
  <system-out><![CDATA[]]></system-out>
  <system-err><![CDATA[]]></system-err>
</testsuite>
