<?xml version="1.0" encoding="UTF-8"?>
<testsuite name="org.xbib.graphics.io.vector.util.DataUtilsTest" tests="3" skipped="0" failures="0" errors="0" timestamp="2020-10-29T21:36:15" hostname="JorgPrantesMBP.fritz.box" time="0.002">
  <properties/>
  <testcase name="stripComplexSubstring()" classname="org.xbib.graphics.io.vector.util.DataUtilsTest" time="0.001"/>
  <testcase name="stripTrailingSpaces()" classname="org.xbib.graphics.io.vector.util.DataUtilsTest" time="0.001"/>
  <testcase name="stripTrailingSpacesInMultilineString()" classname="org.xbib.graphics.io.vector.util.DataUtilsTest" time="0.0"/>
  <system-out><![CDATA[]]></system-out>
  <system-err><![CDATA[]]></system-err>
</testsuite>
