<?xml version="1.0" encoding="UTF-8"?>
<testsuite name="org.xbib.graphics.io.vector.TestUtilsTest" tests="8" skipped="0" failures="0" errors="0" timestamp="2020-10-29T21:36:15" hostname="JorgPrantesMBP.fritz.box" time="0.009">
  <properties/>
  <testcase name="testParseXmlEndTag()" classname="org.xbib.graphics.io.vector.TestUtilsTest" time="0.001"/>
  <testcase name="testParseXmlComment()" classname="org.xbib.graphics.io.vector.TestUtilsTest" time="0.0"/>
  <testcase name="testParseXmlEmptyElement()" classname="org.xbib.graphics.io.vector.TestUtilsTest" time="0.001"/>
  <testcase name="testParseXmlDoctype()" classname="org.xbib.graphics.io.vector.TestUtilsTest" time="0.001"/>
  <testcase name="testParseXmlDeclaration()" classname="org.xbib.graphics.io.vector.TestUtilsTest" time="0.0"/>
  <testcase name="testParseXmlCDATA()" classname="org.xbib.graphics.io.vector.TestUtilsTest" time="0.0"/>
  <testcase name="testParseXmlStartTag()" classname="org.xbib.graphics.io.vector.TestUtilsTest" time="0.001"/>
  <testcase name="testParseXMLAttributesTag()" classname="org.xbib.graphics.io.vector.TestUtilsTest" time="0.001"/>
  <system-out><![CDATA[]]></system-out>
  <system-err><![CDATA[]]></system-err>
</testsuite>
