<?xml version="1.0" encoding="UTF-8"?>
<testsuite name="org.xbib.graphics.io.vector.svg.SVGProcessorTest" tests="3" skipped="0" failures="0" errors="0" timestamp="2020-10-29T21:36:15" hostname="JorgPrantesMBP.fritz.box" time="0.103">
  <properties/>
  <testcase name="fillShapeBlack()" classname="org.xbib.graphics.io.vector.svg.SVGProcessorTest" time="0.094"/>
  <testcase name="envelopeForEmptyDocument()" classname="org.xbib.graphics.io.vector.svg.SVGProcessorTest" time="0.005"/>
  <testcase name="drawShapeBlack()" classname="org.xbib.graphics.io.vector.svg.SVGProcessorTest" time="0.004"/>
  <system-out><![CDATA[]]></system-out>
  <system-err><![CDATA[]]></system-err>
</testsuite>
