<?xml version="1.0" encoding="UTF-8"?>
<testsuite name="org.xbib.graphics.io.filters.AbsoluteToRelativeTransformsFilterTest" tests="3" skipped="0" failures="0" errors="0" timestamp="2020-10-29T21:36:09" hostname="JorgPrantesMBP.fritz.box" time="0.017">
  <properties/>
  <testcase name="testTranslateCorrect()" classname="org.xbib.graphics.io.filters.AbsoluteToRelativeTransformsFilterTest" time="0.015"/>
  <testcase name="testAbsoluteAndRelativeTransformsIdentical()" classname="org.xbib.graphics.io.filters.AbsoluteToRelativeTransformsFilterTest" time="0.001"/>
  <testcase name="testRelativeTransformAfterDispose()" classname="org.xbib.graphics.io.filters.AbsoluteToRelativeTransformsFilterTest" time="0.0"/>
  <system-out><![CDATA[]]></system-out>
  <system-err><![CDATA[]]></system-err>
</testsuite>
