<?xml version="1.0" encoding="UTF-8"?>
<testsuite name="org.xbib.graphics.io.filters.GroupingFilterTest" tests="1" skipped="0" failures="0" errors="0" timestamp="2020-10-29T21:36:11" hostname="JorgPrantesMBP.fritz.box" time="0.001">
  <properties/>
  <testcase name="filtered()" classname="org.xbib.graphics.io.filters.GroupingFilterTest" time="0.001"/>
  <system-out><![CDATA[]]></system-out>
  <system-err><![CDATA[]]></system-err>
</testsuite>
