<?xml version="1.0" encoding="UTF-8"?>
<testsuite name="org.xbib.graphics.io.vector.GraphicsStateTest" tests="3" skipped="0" failures="0" errors="0" timestamp="2020-10-29T21:36:15" hostname="JorgPrantesMBP.fritz.box" time="0.005">
  <properties/>
  <testcase name="testClone()" classname="org.xbib.graphics.io.vector.GraphicsStateTest" time="0.002"/>
  <testcase name="testInitialStateIsEqualToGraphics2D()" classname="org.xbib.graphics.io.vector.GraphicsStateTest" time="0.0"/>
  <testcase name="testEquals()" classname="org.xbib.graphics.io.vector.GraphicsStateTest" time="0.001"/>
  <system-out><![CDATA[]]></system-out>
  <system-err><![CDATA[]]></system-err>
</testsuite>
