<?xml version="1.0" encoding="UTF-8"?>
<testsuite name="org.xbib.graphics.io.vector.util.GraphicsUtilsTest" tests="4" skipped="0" failures="0" errors="0" timestamp="2020-10-29T21:36:15" hostname="JorgPrantesMBP.fritz.box" time="0.399">
  <properties/>
  <testcase name="testToBufferedImage()" classname="org.xbib.graphics.io.vector.util.GraphicsUtilsTest" time="0.024"/>
  <testcase name="testPhysicalFont()" classname="org.xbib.graphics.io.vector.util.GraphicsUtilsTest" time="0.37"/>
  <testcase name="testHasAlpha()" classname="org.xbib.graphics.io.vector.util.GraphicsUtilsTest" time="0.0"/>
  <testcase name="testCloneShape()" classname="org.xbib.graphics.io.vector.util.GraphicsUtilsTest" time="0.003"/>
  <system-out><![CDATA[]]></system-out>
  <system-err><![CDATA[]]></system-err>
</testsuite>
